<?xml version="1.0" encoding="UTF-8"?>
<!-- Generated by org.testng.reporters.JUnitXMLReporter -->
<testsuite hostname="Ruzaina" ignored="0" name="PositiveLogInTest" tests="3" failures="0" timestamp="17 Jul 2023 08:34:18 GMT" time="27.364" errors="0">
  <testcase name="invalidCredentialTest" time="3.84" classname="com.izaanschool.picniceventregistrationform.InvalidRegistrationTests"/>
  <testcase name="validCredentialTest" time="1.293" classname="com.izaanschool.picniceventregistrationform.ValidRegistrationTest"/>
  <testcase name="numberOfAdultSelection" time="0.608" classname="com.izaanschool.picniceventregistrationform.numberOfAdultSelectionTest"/>
</testsuite> <!-- PositiveLogInTest -->
