<?xml version="1.0" encoding="UTF-8"?>
<testsuite xmlns:xsi="http://www.w3.org/2001/XMLSchema-instance" xsi:noNamespaceSchemaLocation="https://maven.apache.org/surefire/maven-surefire-plugin/xsd/surefire-test-report.xsd" name="TestSuite" time="27.784" tests="3" errors="0" skipped="0" failures="0">
  <properties>
[...]
</properties>
  <testcase name="invalidCredentialTest" classname="com.izaanschool.picniceventregistrationform.InvalidRegistrationTests" time="3.842"/>
  <testcase name="validCredentialTest" classname="com.izaanschool.picniceventregistrationform.ValidRegistrationTest" time="1.294"/>
  <testcase name="numberOfAdultSelection" classname="com.izaanschool.picniceventregistrationform.numberOfAdultSelectionTest" time="0.607"/>
</testsuite>